C:\USERS\S4LSALSOFT\DOCUMENTS\VISUAL STUDIO 2012\PROJECTS\SAIM\SAIM\DEBUG\DLLMAIN.OBJ
C:\USERS\S4LSALSOFT\DOCUMENTS\VISUAL STUDIO 2012\PROJECTS\SAIM\SAIM\DEBUG\VC110.PDB
C:\USERS\S4LSALSOFT\DOCUMENTS\VISUAL STUDIO 2012\PROJECTS\SAIM\DEBUG\SAIM.ILK
C:\USERS\S4LSALSOFT\DOCUMENTS\VISUAL STUDIO 2012\PROJECTS\SAIM\DEBUG\SAIM.ASI
C:\USERS\S4LSALSOFT\DOCUMENTS\VISUAL STUDIO 2012\PROJECTS\SAIM\DEBUG\SAIM.PDB
c:\Users\s4lsalsoft\documents\visual studio 2012\Projects\SAIM\SAIM\Debug\dllmain.obj
c:\Users\s4lsalsoft\documents\visual studio 2012\Projects\SAIM\SAIM\Debug\cl.command.1.tlog
c:\Users\s4lsalsoft\documents\visual studio 2012\Projects\SAIM\SAIM\Debug\CL.read.1.tlog
c:\Users\s4lsalsoft\documents\visual studio 2012\Projects\SAIM\SAIM\Debug\CL.write.1.tlog
c:\Users\s4lsalsoft\documents\visual studio 2012\Projects\SAIM\SAIM\Debug\link-cvtres.read.1.tlog
c:\Users\s4lsalsoft\documents\visual studio 2012\Projects\SAIM\SAIM\Debug\link-cvtres.write.1.tlog
c:\Users\s4lsalsoft\documents\visual studio 2012\Projects\SAIM\SAIM\Debug\link-rc.read.1.tlog
c:\Users\s4lsalsoft\documents\visual studio 2012\Projects\SAIM\SAIM\Debug\link-rc.write.1.tlog
c:\Users\s4lsalsoft\documents\visual studio 2012\Projects\SAIM\SAIM\Debug\link.8084-cvtres.read.1.tlog
c:\Users\s4lsalsoft\documents\visual studio 2012\Projects\SAIM\SAIM\Debug\link.8084-cvtres.write.1.tlog
c:\Users\s4lsalsoft\documents\visual studio 2012\Projects\SAIM\SAIM\Debug\link.8084-rc.read.1.tlog
c:\Users\s4lsalsoft\documents\visual studio 2012\Projects\SAIM\SAIM\Debug\link.8084-rc.write.1.tlog
c:\Users\s4lsalsoft\documents\visual studio 2012\Projects\SAIM\SAIM\Debug\link.8084.read.1.tlog
c:\Users\s4lsalsoft\documents\visual studio 2012\Projects\SAIM\SAIM\Debug\link.8084.write.1.tlog
c:\Users\s4lsalsoft\documents\visual studio 2012\Projects\SAIM\SAIM\Debug\link.command.1.tlog
c:\Users\s4lsalsoft\documents\visual studio 2012\Projects\SAIM\SAIM\Debug\link.read.1.tlog
c:\Users\s4lsalsoft\documents\visual studio 2012\Projects\SAIM\SAIM\Debug\link.write.1.tlog
c:\Users\s4lsalsoft\documents\visual studio 2012\Projects\SAIM\SAIM\Debug\vc110.idb
c:\Users\s4lsalsoft\documents\visual studio 2012\Projects\SAIM\SAIM\Debug\vc110.pdb
c:\users\s4lsalsoft\documents\visual studio 2012\Projects\SAIM\Debug\SAIM.pdb
c:\users\s4lsalsoft\documents\visual studio 2012\Projects\SAIM\Debug\SAIM.ilk
